<?xml version="1.0" encoding="UTF-8"?>
<!-- Generated by org.testng.reporters.JUnitReportReporter -->
<testsuite skipped="1" hostname="DESKTOP-PO7I04F" name="com.selenium.testngExample.MultipleTestCaseExecution" tests="3" failures="0" timestamp="2021-07-01T18:12:30 IST" time="0.010" errors="0">
  <testcase name="a_test" time="0.009" classname="com.selenium.testngExample.MultipleTestCaseExecution"/>
  <system-out/>
  <testcase name="c_test" time="0.001" classname="com.selenium.testngExample.MultipleTestCaseExecution"/>
  <system-out/>
  <testcase name="b_test" classname="com.selenium.testngExample.MultipleTestCaseExecution">
    <skipped/>
  </testcase> <!-- b_test -->
  <system-out/>
</testsuite> <!-- com.selenium.testngExample.MultipleTestCaseExecution -->
