<?xml version="1.0" encoding="UTF-8"?>
<!-- Generated by org.testng.reporters.JUnitReportReporter -->
<testsuite hostname="DESKTOP-AJRQH3L" failures="0" tests="1" name="com.selenium4.ScreenShotSpecificWebElement" time="10.418" errors="0" timestamp="2022-06-17T14:50:38 IST" skipped="0">
  <testcase classname="com.selenium4.ScreenShotSpecificWebElement" name="getScreenshotForSpecificWebElement" time="10.418"/>
  <system-out/>
</testsuite> <!-- com.selenium4.ScreenShotSpecificWebElement -->
