<?xml version="1.0" encoding="UTF-8"?>
<!-- Generated by org.testng.reporters.JUnitReportReporter -->
<testsuite hostname="DESKTOP-AJRQH3L" failures="0" tests="3" name="com.selenium.testngExample.firstTestNg" time="0.017" errors="0" timestamp="2022-07-05T11:59:46 IST" skipped="0">
  <testcase classname="com.selenium.testngExample.firstTestNg" name="a_test" time="0.011"/>
  <system-out/>
  <testcase classname="com.selenium.testngExample.firstTestNg" name="b_test" time="0.003"/>
  <system-out/>
  <testcase classname="com.selenium.testngExample.firstTestNg" name="c_test" time="0.003"/>
  <system-out/>
</testsuite> <!-- com.selenium.testngExample.firstTestNg -->
