<?xml version="1.0" encoding="UTF-8"?>
<!-- Generated by org.testng.reporters.JUnitReportReporter -->
<testsuite hostname="DESKTOP-AJRQH3L" failures="0" tests="2" name="com.selenium.testng.sequence.FunctionalTestingScenarios" time="0.015" errors="0" timestamp="2022-07-05T12:48:35 IST" skipped="0">
  <testcase classname="com.selenium.testng.sequence.FunctionalTestingScenarios" name="test_B" time="0.004"/>
  <system-out/>
  <testcase classname="com.selenium.testng.sequence.FunctionalTestingScenarios" name="test_A" time="0.011"/>
  <system-out/>
</testsuite> <!-- com.selenium.testng.sequence.FunctionalTestingScenarios -->
