<?xml version="1.0" encoding="UTF-8"?>
<!-- Generated by org.testng.reporters.JUnitReportReporter -->
<testsuite hostname="DESKTOP-AJRQH3L" failures="0" tests="1" name="com.selenium.webtable.WebTable" time="0.352" errors="0" timestamp="2022-06-26T12:46:38 IST" skipped="0">
  <testcase classname="com.selenium.webtable.WebTable" name="Test" time="0.352"/>
  <system-out/>
</testsuite> <!-- com.selenium.webtable.WebTable -->
