<?xml version="1.0" encoding="UTF-8"?>
<!-- Generated by org.testng.reporters.JUnitReportReporter -->
<testsuite hostname="DESKTOP-AJRQH3L" failures="0" tests="2" name="com.selenium.testngExample.Demo" time="0.032" errors="0" timestamp="2022-07-05T12:30:59 IST" skipped="0">
  <testcase classname="com.selenium.testngExample.Demo" name="test_B" time="0.010"/>
  <system-out/>
  <testcase classname="com.selenium.testngExample.Demo" name="test_A" time="0.022"/>
  <system-out/>
</testsuite> <!-- com.selenium.testngExample.Demo -->
