<?xml version="1.0" encoding="UTF-8"?>
<!-- Generated by org.testng.reporters.JUnitReportReporter -->
<testsuite hostname="DESKTOP-AJRQH3L" failures="0" tests="1" name="com.javastreams.Javastreams" time="0.012" errors="0" timestamp="2022-06-02T11:10:09 IST" skipped="0">
  <testcase classname="com.javastreams.Javastreams" name="printUniqueNumbersUsingStreams" time="0.012"/>
  <system-out/>
</testsuite> <!-- com.javastreams.Javastreams -->
