<?xml version="1.0" encoding="UTF-8"?>
<!-- Generated by org.testng.reporters.JUnitReportReporter -->
<testsuite hostname="DESKTOP-AJRQH3L" failures="0" tests="4" name="com.selenium.testngExample.BeforeAndAferMethod" time="0.017" errors="0" timestamp="2022-07-05T11:39:46 IST" skipped="0">
  <testcase classname="com.selenium.testngExample.BeforeAndAferMethod" name="a_test" time="0.007"/>
  <system-out/>
  <testcase classname="com.selenium.testngExample.BeforeAndAferMethod" name="d_test" time="0.003"/>
  <system-out/>
  <testcase classname="com.selenium.testngExample.BeforeAndAferMethod" name="c_test" time="0.003"/>
  <system-out/>
  <testcase classname="com.selenium.testngExample.BeforeAndAferMethod" name="b_test" time="0.004"/>
  <system-out/>
</testsuite> <!-- com.selenium.testngExample.BeforeAndAferMethod -->
