<?xml version="1.0" encoding="UTF-8"?>
<!-- Generated by org.testng.reporters.JUnitReportReporter -->
<testsuite hostname="DESKTOP-AJRQH3L" failures="0" tests="1" name="com.selenium4.OpenNewTab_OpenNewWindow" time="21.175" errors="0" timestamp="2022-06-17T14:58:45 IST" skipped="0">
  <testcase classname="com.selenium4.OpenNewTab_OpenNewWindow" name="openNewTab" time="21.175"/>
  <system-out/>
</testsuite> <!-- com.selenium4.OpenNewTab_OpenNewWindow -->
