<?xml version="1.0" encoding="UTF-8"?>
<!-- Generated by org.testng.reporters.JUnitReportReporter -->
<testsuite hostname="DESKTOP-AJRQH3L" failures="0" tests="1" name="com.selenium.webtable.WebTable_ReadAllRows_Columns" time="10.916" errors="0" timestamp="2022-06-26T17:30:53 IST" skipped="0">
  <testcase classname="com.selenium.webtable.WebTable_ReadAllRows_Columns" name="Test" time="10.916"/>
  <system-out/>
</testsuite> <!-- com.selenium.webtable.WebTable_ReadAllRows_Columns -->
