<?xml version="1.0" encoding="UTF-8"?>
<!-- Generated by org.testng.reporters.JUnitReportReporter -->
<testsuite hostname="DESKTOP-AJRQH3L" failures="0" tests="3" name="com.selenium.testngExample.TestPriority" time="0.022" errors="0" timestamp="2022-07-05T12:02:30 IST" skipped="0">
  <testcase classname="com.selenium.testngExample.TestPriority" name="a_test" time="0.016"/>
  <system-out/>
  <testcase classname="com.selenium.testngExample.TestPriority" name="c_test" time="0.004"/>
  <system-out/>
  <testcase classname="com.selenium.testngExample.TestPriority" name="b_test" time="0.002"/>
  <system-out/>
</testsuite> <!-- com.selenium.testngExample.TestPriority -->
