<?xml version="1.0" encoding="UTF-8"?>
<!-- Generated by org.testng.reporters.JUnitReportReporter -->
<testsuite hostname="DESKTOP-AJRQH3L" failures="0" tests="1" name="com.javastreams.PropertiesReadingUsingJava8" time="0.016" errors="0" timestamp="2022-06-13T12:07:45 IST" skipped="0">
  <testcase classname="com.javastreams.PropertiesReadingUsingJava8" name="test" time="0.016"/>
  <system-out/>
</testsuite> <!-- com.javastreams.PropertiesReadingUsingJava8 -->
