<?xml version="1.0" encoding="UTF-8"?>
<!-- Generated by org.testng.reporters.JUnitReportReporter -->
<testsuite hostname="DESKTOP-AJRQH3L" failures="0" tests="2" name="com.selenium.testngListeners.LoginTest" time="0.015" errors="0" timestamp="2022-07-05T11:26:25 IST" skipped="0">
  <testcase classname="com.selenium.testngListeners.LoginTest" name="LoginByGmail" time="0.014"/>
  <system-out/>
  <testcase classname="com.selenium.testngListeners.LoginTest" name="LoginByFacebook" time="0.001"/>
  <system-out/>
</testsuite> <!-- com.selenium.testngListeners.LoginTest -->
