<?xml version="1.0" encoding="UTF-8"?>
<!-- Generated by org.testng.reporters.JUnitReportReporter -->
<testsuite hostname="DESKTOP-AJRQH3L" failures="0" tests="1" name="com.selenium.seleniumAutomationExample.CalendarUITest" time="1.673" errors="0" timestamp="2022-07-07T10:54:31 IST" skipped="0">
  <testcase classname="com.selenium.seleniumAutomationExample.CalendarUITest" name="test" time="1.673"/>
  <system-out/>
</testsuite> <!-- com.selenium.seleniumAutomationExample.CalendarUITest -->
