<?xml version="1.0" encoding="UTF-8"?>
<!-- Generated by org.testng.reporters.JUnitReportReporter -->
<testsuite hostname="DESKTOP-AJRQH3L" failures="0" tests="1" name="com.selenium.webtable.WebTable_SpecificRowData" time="0.436" errors="0" timestamp="2022-06-26T14:41:09 IST" skipped="0">
  <testcase classname="com.selenium.webtable.WebTable_SpecificRowData" name="checkPresentAndAbsentTest" time="0.436"/>
  <system-out/>
</testsuite> <!-- com.selenium.webtable.WebTable_SpecificRowData -->
