<?xml version="1.0" encoding="UTF-8"?>
<!-- Generated by org.testng.reporters.JUnitReportReporter -->
<testsuite hostname="DESKTOP-AJRQH3L" failures="0" tests="3" name="com.selenium.testngExample.DisableTestCase" time="0.013" errors="0" timestamp="2022-07-05T11:45:30 IST" skipped="1">
  <testcase classname="com.selenium.testngExample.DisableTestCase" name="a_test" time="0.011"/>
  <system-out/>
  <testcase classname="com.selenium.testngExample.DisableTestCase" name="c_test" time="0.002"/>
  <system-out/>
  <testcase classname="com.selenium.testngExample.DisableTestCase" name="b_test">
    <skipped/>
  </testcase> <!-- b_test -->
  <system-out/>
</testsuite> <!-- com.selenium.testngExample.DisableTestCase -->
