<?xml version="1.0" encoding="UTF-8"?>
<!-- Generated by org.testng.reporters.JUnitReportReporter -->
<testsuite hostname="DESKTOP-AJRQH3L" failures="0" tests="2" name="com.selenium.testng.sequence.IntegrtionTesting" time="0.010" errors="0" timestamp="2022-07-05T13:23:53 IST" skipped="0">
  <testcase classname="com.selenium.testng.sequence.IntegrtionTesting" name="test_B" time="0.003"/>
  <system-out/>
  <testcase classname="com.selenium.testng.sequence.IntegrtionTesting" name="test_A" time="0.007"/>
  <system-out/>
</testsuite> <!-- com.selenium.testng.sequence.IntegrtionTesting -->
