<?xml version="1.0" encoding="UTF-8"?>
<!-- Generated by org.testng.reporters.JUnitReportReporter -->
<testsuite hostname="DESKTOP-AJRQH3L" failures="0" tests="1" name="com.javastreams.selenium.FindLinksHrefNullCheck_Streams" time="11.000" errors="0" timestamp="2022-06-17T10:37:18 IST" skipped="0">
  <testcase classname="com.javastreams.selenium.FindLinksHrefNullCheck_Streams" name="getWorkingLinksInPage" time="11.000"/>
  <system-out/>
</testsuite> <!-- com.javastreams.selenium.FindLinksHrefNullCheck_Streams -->
