<?xml version="1.0" encoding="UTF-8"?>
<!-- Generated by org.testng.reporters.JUnitReportReporter -->
<testsuite hostname="DESKTOP-AJRQH3L" failures="0" tests="1" name="com.selenium4.TakingScreenshot" time="0.383" errors="0" timestamp="2022-06-17T17:03:17 IST" skipped="0">
  <testcase classname="com.selenium4.TakingScreenshot" name="takeScreenshotOfPageSection" time="0.383"/>
  <system-out/>
</testsuite> <!-- com.selenium4.TakingScreenshot -->
