<?xml version="1.0" encoding="UTF-8"?>
<!-- Generated by org.testng.reporters.JUnitReportReporter -->
<testsuite hostname="DESKTOP-AJRQH3L" failures="0" tests="1" name="com.selenium.seleniumAutomationExample.ActionClassOperation" time="0.666" errors="0" timestamp="2022-07-06T15:01:49 IST" skipped="0">
  <testcase classname="com.selenium.seleniumAutomationExample.ActionClassOperation" name="actionClassTest" time="0.666"/>
  <system-out/>
</testsuite> <!-- com.selenium.seleniumAutomationExample.ActionClassOperation -->
