<?xml version="1.0" encoding="UTF-8"?>
<!-- Generated by org.testng.reporters.JUnitReportReporter -->
<testsuite hostname="DESKTOP-AJRQH3L" failures="0" tests="1" name="com.javastreams.selenium.MultipleTabWindow_Streams" time="49.275" errors="0" timestamp="2022-06-17T10:57:23 IST" skipped="0">
  <testcase classname="com.javastreams.selenium.MultipleTabWindow_Streams" name="multipleWindowHandling" time="49.275"/>
  <system-out/>
</testsuite> <!-- com.javastreams.selenium.MultipleTabWindow_Streams -->
