<?xml version="1.0" encoding="UTF-8"?>
<!-- Generated by org.testng.reporters.JUnitReportReporter -->
<testsuite skipped="0" hostname="DESKTOP-PO7I04F" name="com.selenium.testngRetryLogic.RetyAnalyzerTest" tests="2" failures="0" timestamp="2021-07-06T11:32:07 IST" time="0.010" errors="0">
  <testcase name="test2" time="0.001" classname="com.selenium.testngRetryLogic.RetyAnalyzerTest"/>
  <system-out/>
  <testcase name="test1" time="0.009" classname="com.selenium.testngRetryLogic.RetyAnalyzerTest"/>
  <system-out/>
</testsuite> <!-- com.selenium.testngRetryLogic.RetyAnalyzerTest -->
