<?xml version="1.0" encoding="UTF-8"?>
<!-- Generated by org.testng.reporters.JUnitReportReporter -->
<testsuite hostname="DESKTOP-AJRQH3L" failures="0" tests="1" name="com.selenium4.ReleativeLocators1" time="6.081" errors="0" timestamp="2022-06-17T15:33:00 IST" skipped="0">
  <testcase classname="com.selenium4.ReleativeLocators1" name="releativeLocators" time="6.081"/>
  <system-out/>
</testsuite> <!-- com.selenium4.ReleativeLocators1 -->
