<?xml version="1.0" encoding="UTF-8"?>
<!-- Generated by org.testng.reporters.JUnitReportReporter -->
<testsuite skipped="0" hostname="DESKTOP-PO7I04F" name="com.selenium.seleniumAutomationExample.StaleElementExceptionDemo" tests="1" failures="0" timestamp="2021-06-28T18:16:13 IST" time="11.206" errors="0">
  <testcase name="test" time="11.206" classname="com.selenium.seleniumAutomationExample.StaleElementExceptionDemo"/>
  <system-out/>
</testsuite> <!-- com.selenium.seleniumAutomationExample.StaleElementExceptionDemo -->
