<?xml version="1.0" encoding="UTF-8"?>
<!-- Generated by org.testng.reporters.JUnitReportReporter -->
<testsuite hostname="DESKTOP-AJRQH3L" failures="0" tests="1" name="com.javastreams.ConusmerSeleniumSelectClassDemo" time="11.964" errors="0" timestamp="2022-06-12T20:45:37 IST" skipped="0">
  <testcase classname="com.javastreams.ConusmerSeleniumSelectClassDemo" name="Test" time="11.964"/>
  <system-out/>
</testsuite> <!-- com.javastreams.ConusmerSeleniumSelectClassDemo -->
