<?xml version="1.0" encoding="UTF-8"?>
<!-- Generated by org.testng.reporters.JUnitReportReporter -->
<testsuite hostname="DESKTOP-AJRQH3L" failures="0" tests="1" name="com.javastreams.FilterTableUsingStreams" time="6.254" errors="0" timestamp="2022-06-02T14:15:34 IST" skipped="0">
  <testcase classname="com.javastreams.FilterTableUsingStreams" name="filterWebTable" time="6.254"/>
  <system-out/>
</testsuite> <!-- com.javastreams.FilterTableUsingStreams -->
