<?xml version="1.0" encoding="UTF-8"?>
<!-- Generated by org.testng.reporters.JUnitReportReporter -->
<testsuite hostname="DESKTOP-AJRQH3L" failures="0" tests="1" name="com.javastreams.selenium.ProductSort_Stream" time="10.300" errors="0" timestamp="2022-06-17T13:18:46 IST" skipped="0">
  <testcase classname="com.javastreams.selenium.ProductSort_Stream" name="productSort" time="10.300"/>
  <system-out/>
</testsuite> <!-- com.javastreams.selenium.ProductSort_Stream -->
