<?xml version="1.0" encoding="UTF-8"?>
<!-- Generated by org.testng.reporters.JUnitReportReporter -->
<testsuite skipped="0" hostname="DESKTOP-PO7I04F" name="com.selenium.seleniumAutomationExample.DynamicWebTable" tests="1" failures="0" timestamp="2021-08-03T10:39:52 IST" time="7.494" errors="0">
  <testcase name="LoginTest" time="7.494" classname="com.selenium.seleniumAutomationExample.DynamicWebTable"/>
  <system-out/>
</testsuite> <!-- com.selenium.seleniumAutomationExample.DynamicWebTable -->
