<?xml version="1.0" encoding="UTF-8"?>
<!-- Generated by org.testng.reporters.JUnitReportReporter -->
<testsuite hostname="DESKTOP-AJRQH3L" failures="0" tests="1" name="com.selenium4.WebTableSortingUsingStreams" time="6.860" errors="0" timestamp="2022-06-02T13:52:21 IST" skipped="0">
  <testcase classname="com.selenium4.WebTableSortingUsingStreams" name="sortWebTable" time="6.860"/>
  <system-out/>
</testsuite> <!-- com.selenium4.WebTableSortingUsingStreams -->
