<?xml version="1.0" encoding="UTF-8"?>
<!-- Generated by org.testng.reporters.JUnitReportReporter -->
<testsuite hostname="DESKTOP-AJRQH3L" failures="0" tests="1" name="com.selenium.seleniumAutomationExample.ActionDemo" time="6.793" errors="0" timestamp="2022-07-07T10:43:57 IST" skipped="0">
  <testcase classname="com.selenium.seleniumAutomationExample.ActionDemo" name="Test" time="6.793"/>
  <system-out/>
</testsuite> <!-- com.selenium.seleniumAutomationExample.ActionDemo -->
