<?xml version="1.0" encoding="UTF-8"?>
<!-- Generated by org.testng.reporters.JUnitReportReporter -->
<testsuite hostname="DESKTOP-AJRQH3L" failures="0" tests="1" name="com.javastreams.selenium.GetProductAndPrice_Streams" time="16.186" errors="0" timestamp="2022-06-17T14:00:27 IST" skipped="0">
  <testcase classname="com.javastreams.selenium.GetProductAndPrice_Streams" name="getProductAndPrice" time="16.186"/>
  <system-out/>
</testsuite> <!-- com.javastreams.selenium.GetProductAndPrice_Streams -->
