<?xml version="1.0" encoding="UTF-8"?>
<!-- Generated by org.testng.reporters.JUnitReportReporter -->
<testsuite hostname="DESKTOP-AJRQH3L" failures="0" tests="1" name="com.selenium.selenium.expectedConditions.Demo" time="3.122" errors="0" timestamp="2022-07-07T16:52:17 IST" skipped="0">
  <testcase classname="com.selenium.selenium.expectedConditions.Demo" name="alertIsPresentExpectionTest" time="3.122"/>
  <system-out/>
</testsuite> <!-- com.selenium.selenium.expectedConditions.Demo -->
